<?xml version="1.0" encoding="UTF-8"?>
<testsuite name="sample.data.jpa.SampleDataJpaApplicationTests" time="0.092" tests="2" errors="0" skipped="0" failures="2">
  <properties>
    <property name="java.runtime.name" value="Java(TM) SE Runtime Environment"/>
    <property name="sun.boot.library.path" value="D:\Tools\Java\jdk1.8.0_92\jre\bin"/>
    <property name="java.vm.version" value="25.92-b14"/>
    <property name="java.vm.vendor" value="Oracle Corporation"/>
    <property name="maven.multiModuleProjectDirectory" value="D:\Tools\mavenSpace\myProject"/>
    <property name="java.vendor.url" value="http://java.oracle.com/"/>
    <property name="path.separator" value=";"/>
    <property name="guice.disable.misplaced.annotation.check" value="true"/>
    <property name="java.vm.name" value="Java HotSpot(TM) 64-Bit Server VM"/>
    <property name="file.encoding.pkg" value="sun.io"/>
    <property name="user.script" value=""/>
    <property name="user.country" value="CN"/>
    <property name="sun.java.launcher" value="SUN_STANDARD"/>
    <property name="sun.os.patch.level" value=""/>
    <property name="java.vm.specification.name" value="Java Virtual Machine Specification"/>
    <property name="user.dir" value="D:\Tools\mavenSpace\myProject"/>
    <property name="java.runtime.version" value="1.8.0_92-b14"/>
    <property name="java.awt.graphicsenv" value="sun.awt.Win32GraphicsEnvironment"/>
    <property name="java.endorsed.dirs" value="D:\Tools\Java\jdk1.8.0_92\jre\lib\endorsed"/>
    <property name="os.arch" value="amd64"/>
    <property name="java.io.tmpdir" value="C:\Users\user\AppData\Local\Temp\"/>
    <property name="line.separator" value="&#10;"/>
    <property name="java.vm.specification.vendor" value="Oracle Corporation"/>
    <property name="user.variant" value=""/>
    <property name="os.name" value="Windows 7"/>
    <property name="classworlds.conf" value="D:\Tools\mavenSpace\.metadata\.plugins\org.eclipse.m2e.launching\launches\m2conf5685809181865777827.tmp"/>
    <property name="sun.jnu.encoding" value="GBK"/>
    <property name="java.library.path" value="D:\Tools\Java\jdk1.8.0_92\bin;C:\Windows\Sun\Java\bin;C:\Windows\system32;C:\Windows;D:/Tools/Java/jdk1.8.0_92/bin/../jre/bin/server;D:/Tools/Java/jdk1.8.0_92/bin/../jre/bin;D:/Tools/Java/jdk1.8.0_92/bin/../jre/lib/amd64;D:\Tools\maven-3.0\bin;D:\Tools\Java\jdk1.8.0_92\bin;D:\Tools\Java\jdk1.8.0_92\jre\bin;C:\ProgramData\Oracle\Java\javapath;C:\Program Files (x86)\Intel\iCLS Client\;C:\Program Files\Intel\iCLS Client\;C:\Windows\system32;C:\Windows;C:\Windows\System32\Wbem;C:\Windows\System32\WindowsPowerShell\v1.0\;C:\Program Files\Intel\Intel(R) Management Engine Components\DAL;C:\Program Files\Intel\Intel(R) Management Engine Components\IPT;C:\Program Files (x86)\Intel\Intel(R) Management Engine Components\DAL;C:\Program Files (x86)\Intel\Intel(R) Management Engine Components\IPT;D:\PuTTY\;D:\Git\cmd;D:\Tools\eclipse-mars;;."/>
    <property name="java.specification.name" value="Java Platform API Specification"/>
    <property name="java.class.version" value="52.0"/>
    <property name="sun.management.compiler" value="HotSpot 64-Bit Tiered Compilers"/>
    <property name="os.version" value="6.1"/>
    <property name="library.jansi.path" value="D:\apache-maven-3.5.0\lib\jansi-native\windows64"/>
    <property name="user.home" value="C:\Users\user"/>
    <property name="user.timezone" value="Asia/Shanghai"/>
    <property name="java.awt.printerjob" value="sun.awt.windows.WPrinterJob"/>
    <property name="java.specification.version" value="1.8"/>
    <property name="file.encoding" value="UTF-8"/>
    <property name="user.name" value="user"/>
    <property name="java.class.path" value="D:\apache-maven-3.5.0\boot\plexus-classworlds-2.5.2.jar"/>
    <property name="java.vm.specification.version" value="1.8"/>
    <property name="sun.arch.data.model" value="64"/>
    <property name="java.home" value="D:\Tools\Java\jdk1.8.0_92\jre"/>
    <property name="sun.java.command" value="org.codehaus.plexus.classworlds.launcher.Launcher -B -s D:\apache-maven-3.5.0\conf\settings.xml install"/>
    <property name="java.specification.vendor" value="Oracle Corporation"/>
    <property name="user.language" value="zh"/>
    <property name="awt.toolkit" value="sun.awt.windows.WToolkit"/>
    <property name="java.vm.info" value="mixed mode"/>
    <property name="java.version" value="1.8.0_92"/>
    <property name="java.ext.dirs" value="D:\Tools\Java\jdk1.8.0_92\jre\lib\ext;C:\Windows\Sun\Java\lib\ext"/>
    <property name="sun.boot.class.path" value="D:\Tools\Java\jdk1.8.0_92\jre\lib\resources.jar;D:\Tools\Java\jdk1.8.0_92\jre\lib\rt.jar;D:\Tools\Java\jdk1.8.0_92\jre\lib\sunrsasign.jar;D:\Tools\Java\jdk1.8.0_92\jre\lib\jsse.jar;D:\Tools\Java\jdk1.8.0_92\jre\lib\jce.jar;D:\Tools\Java\jdk1.8.0_92\jre\lib\charsets.jar;D:\Tools\Java\jdk1.8.0_92\jre\lib\jfr.jar;D:\Tools\Java\jdk1.8.0_92\jre\classes"/>
    <property name="java.vendor" value="Oracle Corporation"/>
    <property name="maven.home" value="D:\apache-maven-3.5.0"/>
    <property name="file.separator" value="\"/>
    <property name="java.vendor.url.bug" value="http://bugreport.sun.com/bugreport/"/>
    <property name="sun.cpu.endian" value="little"/>
    <property name="sun.io.unicode.encoding" value="UnicodeLittle"/>
    <property name="sun.desktop" value="windows"/>
    <property name="sun.cpu.isalist" value="amd64"/>
  </properties>
  <testcase name="testJmx" classname="sample.data.jpa.SampleDataJpaApplicationTests" time="0.069">
    <failure message="&#10;Expected size:&lt;1&gt; but was:&lt;0&gt; in:&#10;&lt;[]&gt;" type="java.lang.AssertionError"><![CDATA[java.lang.AssertionError: 
Expected size:<1> but was:<0> in:
<[]>
	at sample.data.jpa.SampleDataJpaApplicationTests.testJmx(SampleDataJpaApplicationTests.java:77)
]]></failure>
    <system-out><![CDATA[17:31:21.347 [main] DEBUG org.springframework.test.context.junit4.SpringJUnit4ClassRunner - SpringJUnit4ClassRunner constructor called with [class sample.data.jpa.SampleDataJpaApplicationTests]
17:31:21.351 [main] DEBUG org.springframework.test.context.BootstrapUtils - Instantiating CacheAwareContextLoaderDelegate from class [org.springframework.test.context.cache.DefaultCacheAwareContextLoaderDelegate]
17:31:21.359 [main] DEBUG org.springframework.test.context.BootstrapUtils - Instantiating BootstrapContext using constructor [public org.springframework.test.context.support.DefaultBootstrapContext(java.lang.Class,org.springframework.test.context.CacheAwareContextLoaderDelegate)]
17:31:21.373 [main] DEBUG org.springframework.test.context.BootstrapUtils - Instantiating TestContextBootstrapper for test class [sample.data.jpa.SampleDataJpaApplicationTests] from class [org.springframework.boot.test.context.SpringBootTestContextBootstrapper]
17:31:21.383 [main] INFO org.springframework.boot.test.context.SpringBootTestContextBootstrapper - Neither @ContextConfiguration nor @ContextHierarchy found for test class [sample.data.jpa.SampleDataJpaApplicationTests], using SpringBootContextLoader
17:31:21.388 [main] DEBUG org.springframework.test.context.support.AbstractContextLoader - Did not detect default resource location for test class [sample.data.jpa.SampleDataJpaApplicationTests]: class path resource [sample/data/jpa/SampleDataJpaApplicationTests-context.xml] does not exist
17:31:21.388 [main] DEBUG org.springframework.test.context.support.AbstractContextLoader - Did not detect default resource location for test class [sample.data.jpa.SampleDataJpaApplicationTests]: class path resource [sample/data/jpa/SampleDataJpaApplicationTestsContext.groovy] does not exist
17:31:21.388 [main] INFO org.springframework.test.context.support.AbstractContextLoader - Could not detect default resource locations for test class [sample.data.jpa.SampleDataJpaApplicationTests]: no resource found for suffixes {-context.xml, Context.groovy}.
17:31:21.389 [main] INFO org.springframework.test.context.support.AnnotationConfigContextLoaderUtils - Could not detect default configuration classes for test class [sample.data.jpa.SampleDataJpaApplicationTests]: SampleDataJpaApplicationTests does not declare any static, non-private, non-final, nested classes annotated with @Configuration.
17:31:21.437 [main] DEBUG org.springframework.core.env.StandardEnvironment - Adding [systemProperties] PropertySource with lowest search precedence
17:31:21.437 [main] DEBUG org.springframework.core.env.StandardEnvironment - Adding [systemEnvironment] PropertySource with lowest search precedence
17:31:21.437 [main] DEBUG org.springframework.core.env.StandardEnvironment - Initialized StandardEnvironment with PropertySources [systemProperties,systemEnvironment]
17:31:21.445 [main] DEBUG org.springframework.core.io.support.PathMatchingResourcePatternResolver - Resolved classpath location [sample/data/jpa/] to resources [URL [file:/D:/Tools/mavenSpace/myProject/target/test-classes/sample/data/jpa/], URL [file:/D:/Tools/mavenSpace/myProject/target/classes/sample/data/jpa/]]
17:31:21.446 [main] DEBUG org.springframework.core.io.support.PathMatchingResourcePatternResolver - Looking for matching resources in directory tree [D:\Tools\mavenSpace\myProject\target\test-classes\sample\data\jpa]
17:31:21.446 [main] DEBUG org.springframework.core.io.support.PathMatchingResourcePatternResolver - Searching directory [D:\Tools\mavenSpace\myProject\target\test-classes\sample\data\jpa] for files matching pattern [D:/Tools/mavenSpace/myProject/target/test-classes/sample/data/jpa/*.class]
17:31:21.448 [main] DEBUG org.springframework.core.io.support.PathMatchingResourcePatternResolver - Looking for matching resources in directory tree [D:\Tools\mavenSpace\myProject\target\classes\sample\data\jpa]
17:31:21.448 [main] DEBUG org.springframework.core.io.support.PathMatchingResourcePatternResolver - Searching directory [D:\Tools\mavenSpace\myProject\target\classes\sample\data\jpa] for files matching pattern [D:/Tools/mavenSpace/myProject/target/classes/sample/data/jpa/*.class]
17:31:21.449 [main] DEBUG org.springframework.core.io.support.PathMatchingResourcePatternResolver - Resolved location pattern [classpath*:sample/data/jpa/*.class] to resources [file [D:\Tools\mavenSpace\myProject\target\test-classes\sample\data\jpa\SampleDataJpaApplicationTests.class], file [D:\Tools\mavenSpace\myProject\target\classes\sample\data\jpa\SampleDataJpaApplication.class]]
17:31:21.479 [main] DEBUG org.springframework.context.annotation.ClassPathScanningCandidateComponentProvider - Identified candidate component class: file [D:\Tools\mavenSpace\myProject\target\classes\sample\data\jpa\SampleDataJpaApplication.class]
17:31:21.479 [main] INFO org.springframework.boot.test.context.SpringBootTestContextBootstrapper - Found @SpringBootConfiguration sample.data.jpa.SampleDataJpaApplication for test class sample.data.jpa.SampleDataJpaApplicationTests
17:31:21.482 [main] DEBUG org.springframework.boot.test.context.SpringBootTestContextBootstrapper - @TestExecutionListeners is not present for class [sample.data.jpa.SampleDataJpaApplicationTests]: using defaults.
17:31:21.484 [main] INFO org.springframework.boot.test.context.SpringBootTestContextBootstrapper - Loaded default TestExecutionListener class names from location [META-INF/spring.factories]: [org.springframework.boot.test.mock.mockito.MockitoTestExecutionListener, org.springframework.boot.test.mock.mockito.ResetMocksTestExecutionListener, org.springframework.boot.test.autoconfigure.restdocs.RestDocsTestExecutionListener, org.springframework.boot.test.autoconfigure.web.client.MockRestServiceServerResetTestExecutionListener, org.springframework.boot.test.autoconfigure.web.servlet.MockMvcPrintOnlyOnFailureTestExecutionListener, org.springframework.boot.test.autoconfigure.web.servlet.WebDriverTestExecutionListener, org.springframework.test.context.web.ServletTestExecutionListener, org.springframework.test.context.support.DirtiesContextBeforeModesTestExecutionListener, org.springframework.test.context.support.DependencyInjectionTestExecutionListener, org.springframework.test.context.support.DirtiesContextTestExecutionListener, org.springframework.test.context.transaction.TransactionalTestExecutionListener, org.springframework.test.context.jdbc.SqlScriptsTestExecutionListener]
17:31:21.503 [main] INFO org.springframework.boot.test.context.SpringBootTestContextBootstrapper - Using TestExecutionListeners: [org.springframework.test.context.web.ServletTestExecutionListener@6a472554, org.springframework.test.context.support.DirtiesContextBeforeModesTestExecutionListener@7ff2a664, org.springframework.boot.test.autoconfigure.SpringBootDependencyInjectionTestExecutionListener@525b461a, org.springframework.test.context.support.DirtiesContextTestExecutionListener@58c1c010, org.springframework.test.context.transaction.TransactionalTestExecutionListener@b7f23d9, org.springframework.test.context.jdbc.SqlScriptsTestExecutionListener@61d47554, org.springframework.boot.test.autoconfigure.web.servlet.WebDriverTestExecutionListener@69b794e2, org.springframework.boot.test.mock.mockito.MockitoTestExecutionListener@3f200884, org.springframework.boot.test.autoconfigure.web.servlet.MockMvcPrintOnlyOnFailureTestExecutionListener@4d339552, org.springframework.boot.test.autoconfigure.restdocs.RestDocsTestExecutionListener@f0f2775, org.springframework.boot.test.autoconfigure.web.client.MockRestServiceServerResetTestExecutionListener@5a4aa2f2, org.springframework.boot.test.mock.mockito.ResetMocksTestExecutionListener@6591f517]
17:31:21.503 [main] DEBUG org.springframework.test.context.junit4.SpringJUnit4ClassRunner - SpringJUnit4ClassRunner constructor called with [class sample.data.jpa.service.CityRepositoryIntegrationTests]
17:31:21.503 [main] DEBUG org.springframework.test.context.BootstrapUtils - Instantiating CacheAwareContextLoaderDelegate from class [org.springframework.test.context.cache.DefaultCacheAwareContextLoaderDelegate]
17:31:21.503 [main] DEBUG org.springframework.test.context.BootstrapUtils - Instantiating BootstrapContext using constructor [public org.springframework.test.context.support.DefaultBootstrapContext(java.lang.Class,org.springframework.test.context.CacheAwareContextLoaderDelegate)]
17:31:21.504 [main] DEBUG org.springframework.test.context.BootstrapUtils - Instantiating TestContextBootstrapper for test class [sample.data.jpa.service.CityRepositoryIntegrationTests] from class [org.springframework.boot.test.context.SpringBootTestContextBootstrapper]
17:31:21.504 [main] INFO org.springframework.boot.test.context.SpringBootTestContextBootstrapper - Neither @ContextConfiguration nor @ContextHierarchy found for test class [sample.data.jpa.service.CityRepositoryIntegrationTests], using SpringBootContextLoader
17:31:21.504 [main] DEBUG org.springframework.test.context.support.AbstractContextLoader - Did not detect default resource location for test class [sample.data.jpa.service.CityRepositoryIntegrationTests]: class path resource [sample/data/jpa/service/CityRepositoryIntegrationTests-context.xml] does not exist
17:31:21.505 [main] DEBUG org.springframework.test.context.support.AbstractContextLoader - Did not detect default resource location for test class [sample.data.jpa.service.CityRepositoryIntegrationTests]: class path resource [sample/data/jpa/service/CityRepositoryIntegrationTestsContext.groovy] does not exist
17:31:21.505 [main] INFO org.springframework.test.context.support.AbstractContextLoader - Could not detect default resource locations for test class [sample.data.jpa.service.CityRepositoryIntegrationTests]: no resource found for suffixes {-context.xml, Context.groovy}.
17:31:21.505 [main] INFO org.springframework.test.context.support.AnnotationConfigContextLoaderUtils - Could not detect default configuration classes for test class [sample.data.jpa.service.CityRepositoryIntegrationTests]: CityRepositoryIntegrationTests does not declare any static, non-private, non-final, nested classes annotated with @Configuration.
17:31:21.509 [main] DEBUG org.springframework.test.context.support.ActiveProfilesUtils - Could not find an 'annotation declaring class' for annotation type [org.springframework.test.context.ActiveProfiles] and class [sample.data.jpa.service.CityRepositoryIntegrationTests]
17:31:21.509 [main] DEBUG org.springframework.core.env.StandardEnvironment - Adding [systemProperties] PropertySource with lowest search precedence
17:31:21.510 [main] DEBUG org.springframework.core.env.StandardEnvironment - Adding [systemEnvironment] PropertySource with lowest search precedence
17:31:21.510 [main] DEBUG org.springframework.core.env.StandardEnvironment - Initialized StandardEnvironment with PropertySources [systemProperties,systemEnvironment]
17:31:21.510 [main] DEBUG org.springframework.core.io.support.PathMatchingResourcePatternResolver - Resolved classpath location [sample/data/jpa/service/] to resources [URL [file:/D:/Tools/mavenSpace/myProject/target/test-classes/sample/data/jpa/service/], URL [file:/D:/Tools/mavenSpace/myProject/target/classes/sample/data/jpa/service/]]
17:31:21.510 [main] DEBUG org.springframework.core.io.support.PathMatchingResourcePatternResolver - Looking for matching resources in directory tree [D:\Tools\mavenSpace\myProject\target\test-classes\sample\data\jpa\service]
17:31:21.510 [main] DEBUG org.springframework.core.io.support.PathMatchingResourcePatternResolver - Searching directory [D:\Tools\mavenSpace\myProject\target\test-classes\sample\data\jpa\service] for files matching pattern [D:/Tools/mavenSpace/myProject/target/test-classes/sample/data/jpa/service/*.class]
17:31:21.511 [main] DEBUG org.springframework.core.io.support.PathMatchingResourcePatternResolver - Looking for matching resources in directory tree [D:\Tools\mavenSpace\myProject\target\classes\sample\data\jpa\service]
17:31:21.511 [main] DEBUG org.springframework.core.io.support.PathMatchingResourcePatternResolver - Searching directory [D:\Tools\mavenSpace\myProject\target\classes\sample\data\jpa\service] for files matching pattern [D:/Tools/mavenSpace/myProject/target/classes/sample/data/jpa/service/*.class]
17:31:21.512 [main] DEBUG org.springframework.core.io.support.PathMatchingResourcePatternResolver - Resolved location pattern [classpath*:sample/data/jpa/service/*.class] to resources [file [D:\Tools\mavenSpace\myProject\target\test-classes\sample\data\jpa\service\CityRepositoryIntegrationTests.class], file [D:\Tools\mavenSpace\myProject\target\test-classes\sample\data\jpa\service\HotelRepositoryIntegrationTests.class], file [D:\Tools\mavenSpace\myProject\target\classes\sample\data\jpa\service\CityRepository.class], file [D:\Tools\mavenSpace\myProject\target\classes\sample\data\jpa\service\CitySearchCriteria.class], file [D:\Tools\mavenSpace\myProject\target\classes\sample\data\jpa\service\CityService.class], file [D:\Tools\mavenSpace\myProject\target\classes\sample\data\jpa\service\CityServiceImpl.class], file [D:\Tools\mavenSpace\myProject\target\classes\sample\data\jpa\service\HotelRepository.class], file [D:\Tools\mavenSpace\myProject\target\classes\sample\data\jpa\service\HotelService.class], file [D:\Tools\mavenSpace\myProject\target\classes\sample\data\jpa\service\HotelServiceImpl$ReviewsSummaryImpl.class], file [D:\Tools\mavenSpace\myProject\target\classes\sample\data\jpa\service\HotelServiceImpl.class], file [D:\Tools\mavenSpace\myProject\target\classes\sample\data\jpa\service\ReviewRepository.class], file [D:\Tools\mavenSpace\myProject\target\classes\sample\data\jpa\service\ReviewsSummary.class]]
17:31:21.518 [main] DEBUG org.springframework.core.io.support.PathMatchingResourcePatternResolver - Resolved classpath location [sample/data/jpa/] to resources [URL [file:/D:/Tools/mavenSpace/myProject/target/test-classes/sample/data/jpa/], URL [file:/D:/Tools/mavenSpace/myProject/target/classes/sample/data/jpa/]]
17:31:21.518 [main] DEBUG org.springframework.core.io.support.PathMatchingResourcePatternResolver - Looking for matching resources in directory tree [D:\Tools\mavenSpace\myProject\target\test-classes\sample\data\jpa]
17:31:21.518 [main] DEBUG org.springframework.core.io.support.PathMatchingResourcePatternResolver - Searching directory [D:\Tools\mavenSpace\myProject\target\test-classes\sample\data\jpa] for files matching pattern [D:/Tools/mavenSpace/myProject/target/test-classes/sample/data/jpa/*.class]
17:31:21.519 [main] DEBUG org.springframework.core.io.support.PathMatchingResourcePatternResolver - Looking for matching resources in directory tree [D:\Tools\mavenSpace\myProject\target\classes\sample\data\jpa]
17:31:21.519 [main] DEBUG org.springframework.core.io.support.PathMatchingResourcePatternResolver - Searching directory [D:\Tools\mavenSpace\myProject\target\classes\sample\data\jpa] for files matching pattern [D:/Tools/mavenSpace/myProject/target/classes/sample/data/jpa/*.class]
17:31:21.519 [main] DEBUG org.springframework.core.io.support.PathMatchingResourcePatternResolver - Resolved location pattern [classpath*:sample/data/jpa/*.class] to resources [file [D:\Tools\mavenSpace\myProject\target\test-classes\sample\data\jpa\SampleDataJpaApplicationTests.class], file [D:\Tools\mavenSpace\myProject\target\classes\sample\data\jpa\SampleDataJpaApplication.class]]
17:31:21.520 [main] DEBUG org.springframework.context.annotation.ClassPathScanningCandidateComponentProvider - Identified candidate component class: file [D:\Tools\mavenSpace\myProject\target\classes\sample\data\jpa\SampleDataJpaApplication.class]
17:31:21.520 [main] INFO org.springframework.boot.test.context.SpringBootTestContextBootstrapper - Found @SpringBootConfiguration sample.data.jpa.SampleDataJpaApplication for test class sample.data.jpa.service.CityRepositoryIntegrationTests
17:31:21.522 [main] DEBUG org.springframework.boot.test.context.SpringBootTestContextBootstrapper - @TestExecutionListeners is not present for class [sample.data.jpa.service.CityRepositoryIntegrationTests]: using defaults.
17:31:21.524 [main] INFO org.springframework.boot.test.context.SpringBootTestContextBootstrapper - Loaded default TestExecutionListener class names from location [META-INF/spring.factories]: [org.springframework.boot.test.mock.mockito.MockitoTestExecutionListener, org.springframework.boot.test.mock.mockito.ResetMocksTestExecutionListener, org.springframework.boot.test.autoconfigure.restdocs.RestDocsTestExecutionListener, org.springframework.boot.test.autoconfigure.web.client.MockRestServiceServerResetTestExecutionListener, org.springframework.boot.test.autoconfigure.web.servlet.MockMvcPrintOnlyOnFailureTestExecutionListener, org.springframework.boot.test.autoconfigure.web.servlet.WebDriverTestExecutionListener, org.springframework.test.context.web.ServletTestExecutionListener, org.springframework.test.context.support.DirtiesContextBeforeModesTestExecutionListener, org.springframework.test.context.support.DependencyInjectionTestExecutionListener, org.springframework.test.context.support.DirtiesContextTestExecutionListener, org.springframework.test.context.transaction.TransactionalTestExecutionListener, org.springframework.test.context.jdbc.SqlScriptsTestExecutionListener]
17:31:21.525 [main] INFO org.springframework.boot.test.context.SpringBootTestContextBootstrapper - Using TestExecutionListeners: [org.springframework.test.context.web.ServletTestExecutionListener@3c87521, org.springframework.test.context.support.DirtiesContextBeforeModesTestExecutionListener@2aece37d, org.springframework.boot.test.autoconfigure.SpringBootDependencyInjectionTestExecutionListener@548a102f, org.springframework.test.context.support.DirtiesContextTestExecutionListener@5762806e, org.springframework.test.context.transaction.TransactionalTestExecutionListener@17c386de, org.springframework.test.context.jdbc.SqlScriptsTestExecutionListener@5af97850, org.springframework.boot.test.autoconfigure.web.servlet.WebDriverTestExecutionListener@5ef60048, org.springframework.boot.test.mock.mockito.MockitoTestExecutionListener@1d548a08, org.springframework.boot.test.autoconfigure.web.servlet.MockMvcPrintOnlyOnFailureTestExecutionListener@16aa0a0a, org.springframework.boot.test.autoconfigure.restdocs.RestDocsTestExecutionListener@780cb77, org.springframework.boot.test.autoconfigure.web.client.MockRestServiceServerResetTestExecutionListener@691a7f8f, org.springframework.boot.test.mock.mockito.ResetMocksTestExecutionListener@50a7bc6e]
17:31:21.526 [main] DEBUG org.springframework.test.context.junit4.SpringJUnit4ClassRunner - SpringJUnit4ClassRunner constructor called with [class sample.data.jpa.service.HotelRepositoryIntegrationTests]
17:31:21.526 [main] DEBUG org.springframework.test.context.BootstrapUtils - Instantiating CacheAwareContextLoaderDelegate from class [org.springframework.test.context.cache.DefaultCacheAwareContextLoaderDelegate]
17:31:21.526 [main] DEBUG org.springframework.test.context.BootstrapUtils - Instantiating BootstrapContext using constructor [public org.springframework.test.context.support.DefaultBootstrapContext(java.lang.Class,org.springframework.test.context.CacheAwareContextLoaderDelegate)]
17:31:21.526 [main] DEBUG org.springframework.test.context.BootstrapUtils - Instantiating TestContextBootstrapper for test class [sample.data.jpa.service.HotelRepositoryIntegrationTests] from class [org.springframework.boot.test.context.SpringBootTestContextBootstrapper]
17:31:21.527 [main] INFO org.springframework.boot.test.context.SpringBootTestContextBootstrapper - Neither @ContextConfiguration nor @ContextHierarchy found for test class [sample.data.jpa.service.HotelRepositoryIntegrationTests], using SpringBootContextLoader
17:31:21.527 [main] DEBUG org.springframework.test.context.support.AbstractContextLoader - Did not detect default resource location for test class [sample.data.jpa.service.HotelRepositoryIntegrationTests]: class path resource [sample/data/jpa/service/HotelRepositoryIntegrationTests-context.xml] does not exist
17:31:21.527 [main] DEBUG org.springframework.test.context.support.AbstractContextLoader - Did not detect default resource location for test class [sample.data.jpa.service.HotelRepositoryIntegrationTests]: class path resource [sample/data/jpa/service/HotelRepositoryIntegrationTestsContext.groovy] does not exist
17:31:21.527 [main] INFO org.springframework.test.context.support.AbstractContextLoader - Could not detect default resource locations for test class [sample.data.jpa.service.HotelRepositoryIntegrationTests]: no resource found for suffixes {-context.xml, Context.groovy}.
17:31:21.528 [main] INFO org.springframework.test.context.support.AnnotationConfigContextLoaderUtils - Could not detect default configuration classes for test class [sample.data.jpa.service.HotelRepositoryIntegrationTests]: HotelRepositoryIntegrationTests does not declare any static, non-private, non-final, nested classes annotated with @Configuration.
17:31:21.530 [main] DEBUG org.springframework.test.context.support.ActiveProfilesUtils - Could not find an 'annotation declaring class' for annotation type [org.springframework.test.context.ActiveProfiles] and class [sample.data.jpa.service.HotelRepositoryIntegrationTests]
17:31:21.530 [main] DEBUG org.springframework.core.env.StandardEnvironment - Adding [systemProperties] PropertySource with lowest search precedence
17:31:21.530 [main] DEBUG org.springframework.core.env.StandardEnvironment - Adding [systemEnvironment] PropertySource with lowest search precedence
17:31:21.530 [main] DEBUG org.springframework.core.env.StandardEnvironment - Initialized StandardEnvironment with PropertySources [systemProperties,systemEnvironment]
17:31:21.530 [main] INFO org.springframework.boot.test.context.SpringBootTestContextBootstrapper - Found @SpringBootConfiguration sample.data.jpa.SampleDataJpaApplication for test class sample.data.jpa.service.HotelRepositoryIntegrationTests
17:31:21.531 [main] DEBUG org.springframework.boot.test.context.SpringBootTestContextBootstrapper - @TestExecutionListeners is not present for class [sample.data.jpa.service.HotelRepositoryIntegrationTests]: using defaults.
17:31:21.533 [main] INFO org.springframework.boot.test.context.SpringBootTestContextBootstrapper - Loaded default TestExecutionListener class names from location [META-INF/spring.factories]: [org.springframework.boot.test.mock.mockito.MockitoTestExecutionListener, org.springframework.boot.test.mock.mockito.ResetMocksTestExecutionListener, org.springframework.boot.test.autoconfigure.restdocs.RestDocsTestExecutionListener, org.springframework.boot.test.autoconfigure.web.client.MockRestServiceServerResetTestExecutionListener, org.springframework.boot.test.autoconfigure.web.servlet.MockMvcPrintOnlyOnFailureTestExecutionListener, org.springframework.boot.test.autoconfigure.web.servlet.WebDriverTestExecutionListener, org.springframework.test.context.web.ServletTestExecutionListener, org.springframework.test.context.support.DirtiesContextBeforeModesTestExecutionListener, org.springframework.test.context.support.DependencyInjectionTestExecutionListener, org.springframework.test.context.support.DirtiesContextTestExecutionListener, org.springframework.test.context.transaction.TransactionalTestExecutionListener, org.springframework.test.context.jdbc.SqlScriptsTestExecutionListener]
17:31:21.535 [main] INFO org.springframework.boot.test.context.SpringBootTestContextBootstrapper - Using TestExecutionListeners: [org.springframework.test.context.web.ServletTestExecutionListener@7ff95560, org.springframework.test.context.support.DirtiesContextBeforeModesTestExecutionListener@add0edd, org.springframework.boot.test.autoconfigure.SpringBootDependencyInjectionTestExecutionListener@2aa3cd93, org.springframework.test.context.support.DirtiesContextTestExecutionListener@7ea37dbf, org.springframework.test.context.transaction.TransactionalTestExecutionListener@4b44655e, org.springframework.test.context.jdbc.SqlScriptsTestExecutionListener@290d210d, org.springframework.boot.test.autoconfigure.web.servlet.WebDriverTestExecutionListener@1d76aeea, org.springframework.boot.test.mock.mockito.MockitoTestExecutionListener@78dd667e, org.springframework.boot.test.autoconfigure.web.servlet.MockMvcPrintOnlyOnFailureTestExecutionListener@10db82ae, org.springframework.boot.test.autoconfigure.restdocs.RestDocsTestExecutionListener@501edcf1, org.springframework.boot.test.autoconfigure.web.client.MockRestServiceServerResetTestExecutionListener@78b729e6, org.springframework.boot.test.mock.mockito.ResetMocksTestExecutionListener@6b4a4e18]
17:31:21.537 [main] DEBUG org.springframework.test.annotation.ProfileValueUtils - Retrieved @ProfileValueSourceConfiguration [null] for test class [sample.data.jpa.SampleDataJpaApplicationTests]
17:31:21.538 [main] DEBUG org.springframework.test.annotation.ProfileValueUtils - Retrieved ProfileValueSource type [class org.springframework.test.annotation.SystemProfileValueSource] for class [sample.data.jpa.SampleDataJpaApplicationTests]
17:31:21.538 [main] DEBUG org.springframework.test.annotation.ProfileValueUtils - Retrieved @ProfileValueSourceConfiguration [null] for test class [sample.data.jpa.service.CityRepositoryIntegrationTests]
17:31:21.538 [main] DEBUG org.springframework.test.annotation.ProfileValueUtils - Retrieved ProfileValueSource type [class org.springframework.test.annotation.SystemProfileValueSource] for class [sample.data.jpa.service.CityRepositoryIntegrationTests]
17:31:21.539 [main] DEBUG org.springframework.test.annotation.ProfileValueUtils - Retrieved @ProfileValueSourceConfiguration [null] for test class [sample.data.jpa.service.HotelRepositoryIntegrationTests]
17:31:21.539 [main] DEBUG org.springframework.test.annotation.ProfileValueUtils - Retrieved ProfileValueSource type [class org.springframework.test.annotation.SystemProfileValueSource] for class [sample.data.jpa.service.HotelRepositoryIntegrationTests]
17:31:21.540 [main] DEBUG org.springframework.test.context.junit4.SpringJUnit4ClassRunner - SpringJUnit4ClassRunner constructor called with [class sample.data.jpa.SampleDataJpaApplicationTests]
17:31:21.540 [main] DEBUG org.springframework.test.context.BootstrapUtils - Instantiating CacheAwareContextLoaderDelegate from class [org.springframework.test.context.cache.DefaultCacheAwareContextLoaderDelegate]
17:31:21.540 [main] DEBUG org.springframework.test.context.BootstrapUtils - Instantiating BootstrapContext using constructor [public org.springframework.test.context.support.DefaultBootstrapContext(java.lang.Class,org.springframework.test.context.CacheAwareContextLoaderDelegate)]
17:31:21.541 [main] DEBUG org.springframework.test.context.BootstrapUtils - Instantiating TestContextBootstrapper for test class [sample.data.jpa.SampleDataJpaApplicationTests] from class [org.springframework.boot.test.context.SpringBootTestContextBootstrapper]
17:31:21.541 [main] INFO org.springframework.boot.test.context.SpringBootTestContextBootstrapper - Neither @ContextConfiguration nor @ContextHierarchy found for test class [sample.data.jpa.SampleDataJpaApplicationTests], using SpringBootContextLoader
17:31:21.541 [main] DEBUG org.springframework.test.context.support.AbstractContextLoader - Did not detect default resource location for test class [sample.data.jpa.SampleDataJpaApplicationTests]: class path resource [sample/data/jpa/SampleDataJpaApplicationTests-context.xml] does not exist
17:31:21.542 [main] DEBUG org.springframework.test.context.support.AbstractContextLoader - Did not detect default resource location for test class [sample.data.jpa.SampleDataJpaApplicationTests]: class path resource [sample/data/jpa/SampleDataJpaApplicationTestsContext.groovy] does not exist
17:31:21.542 [main] INFO org.springframework.test.context.support.AbstractContextLoader - Could not detect default resource locations for test class [sample.data.jpa.SampleDataJpaApplicationTests]: no resource found for suffixes {-context.xml, Context.groovy}.
17:31:21.542 [main] INFO org.springframework.test.context.support.AnnotationConfigContextLoaderUtils - Could not detect default configuration classes for test class [sample.data.jpa.SampleDataJpaApplicationTests]: SampleDataJpaApplicationTests does not declare any static, non-private, non-final, nested classes annotated with @Configuration.
17:31:21.545 [main] DEBUG org.springframework.core.env.StandardEnvironment - Adding [systemProperties] PropertySource with lowest search precedence
17:31:21.545 [main] DEBUG org.springframework.core.env.StandardEnvironment - Adding [systemEnvironment] PropertySource with lowest search precedence
17:31:21.545 [main] DEBUG org.springframework.core.env.StandardEnvironment - Initialized StandardEnvironment with PropertySources [systemProperties,systemEnvironment]
17:31:21.545 [main] INFO org.springframework.boot.test.context.SpringBootTestContextBootstrapper - Found @SpringBootConfiguration sample.data.jpa.SampleDataJpaApplication for test class sample.data.jpa.SampleDataJpaApplicationTests
17:31:21.546 [main] DEBUG org.springframework.boot.test.context.SpringBootTestContextBootstrapper - @TestExecutionListeners is not present for class [sample.data.jpa.SampleDataJpaApplicationTests]: using defaults.
17:31:21.548 [main] INFO org.springframework.boot.test.context.SpringBootTestContextBootstrapper - Loaded default TestExecutionListener class names from location [META-INF/spring.factories]: [org.springframework.boot.test.mock.mockito.MockitoTestExecutionListener, org.springframework.boot.test.mock.mockito.ResetMocksTestExecutionListener, org.springframework.boot.test.autoconfigure.restdocs.RestDocsTestExecutionListener, org.springframework.boot.test.autoconfigure.web.client.MockRestServiceServerResetTestExecutionListener, org.springframework.boot.test.autoconfigure.web.servlet.MockMvcPrintOnlyOnFailureTestExecutionListener, org.springframework.boot.test.autoconfigure.web.servlet.WebDriverTestExecutionListener, org.springframework.test.context.web.ServletTestExecutionListener, org.springframework.test.context.support.DirtiesContextBeforeModesTestExecutionListener, org.springframework.test.context.support.DependencyInjectionTestExecutionListener, org.springframework.test.context.support.DirtiesContextTestExecutionListener, org.springframework.test.context.transaction.TransactionalTestExecutionListener, org.springframework.test.context.jdbc.SqlScriptsTestExecutionListener]
17:31:21.550 [main] INFO org.springframework.boot.test.context.SpringBootTestContextBootstrapper - Using TestExecutionListeners: [org.springframework.test.context.web.ServletTestExecutionListener@2f112965, org.springframework.test.context.support.DirtiesContextBeforeModesTestExecutionListener@1a04f701, org.springframework.boot.test.autoconfigure.SpringBootDependencyInjectionTestExecutionListener@4e91d63f, org.springframework.test.context.support.DirtiesContextTestExecutionListener@d4342c2, org.springframework.test.context.transaction.TransactionalTestExecutionListener@2bbf180e, org.springframework.test.context.jdbc.SqlScriptsTestExecutionListener@163e4e87, org.springframework.boot.test.autoconfigure.web.servlet.WebDriverTestExecutionListener@56de5251, org.springframework.boot.test.mock.mockito.MockitoTestExecutionListener@419c5f1a, org.springframework.boot.test.autoconfigure.web.servlet.MockMvcPrintOnlyOnFailureTestExecutionListener@12b0404f, org.springframework.boot.test.autoconfigure.restdocs.RestDocsTestExecutionListener@769e7ee8, org.springframework.boot.test.autoconfigure.web.client.MockRestServiceServerResetTestExecutionListener@5276e6b0, org.springframework.boot.test.mock.mockito.ResetMocksTestExecutionListener@71b1176b]
17:31:21.550 [main] DEBUG org.springframework.test.annotation.ProfileValueUtils - Retrieved @ProfileValueSourceConfiguration [null] for test class [sample.data.jpa.SampleDataJpaApplicationTests]
17:31:21.550 [main] DEBUG org.springframework.test.annotation.ProfileValueUtils - Retrieved ProfileValueSource type [class org.springframework.test.annotation.SystemProfileValueSource] for class [sample.data.jpa.SampleDataJpaApplicationTests]
17:31:21.551 [main] DEBUG org.springframework.test.annotation.ProfileValueUtils - Retrieved @ProfileValueSourceConfiguration [null] for test class [sample.data.jpa.SampleDataJpaApplicationTests]
17:31:21.551 [main] DEBUG org.springframework.test.annotation.ProfileValueUtils - Retrieved ProfileValueSource type [class org.springframework.test.annotation.SystemProfileValueSource] for class [sample.data.jpa.SampleDataJpaApplicationTests]
17:31:21.556 [main] DEBUG org.springframework.test.context.support.AbstractDirtiesContextTestExecutionListener - Before test class: context [DefaultTestContext@2b6faea6 testClass = SampleDataJpaApplicationTests, testInstance = [null], testMethod = [null], testException = [null], mergedContextConfiguration = [WebMergedContextConfiguration@778d1062 testClass = SampleDataJpaApplicationTests, locations = '{}', classes = '{class sample.data.jpa.SampleDataJpaApplication}', contextInitializerClasses = '[]', activeProfiles = '{scratch}', propertySourceLocations = '{}', propertySourceProperties = '{spring.jmx.enabled:true, spring.datasource.jmx-enabled:true, org.springframework.boot.test.context.SpringBootTestContextBootstrapper=true}', contextCustomizers = set[org.springframework.boot.test.context.SpringBootTestContextCustomizer@5a8806ef, org.springframework.boot.test.context.filter.ExcludeFilterContextCustomizer@67205a84, org.springframework.boot.test.json.DuplicateJsonObjectContextCustomizerFactory$DuplicateJsonObjectContextCustomizer@2a17b7b6, org.springframework.boot.test.mock.mockito.MockitoContextCustomizer@0, org.springframework.boot.test.autoconfigure.properties.PropertyMappingContextCustomizer@0, org.springframework.boot.test.autoconfigure.web.servlet.WebDriverContextCustomizerFactory$Customizer@27a8c74e], resourceBasePath = 'src/main/webapp', contextLoader = 'org.springframework.boot.test.context.SpringBootContextLoader', parent = [null]]], class annotated with @DirtiesContext [false] with mode [null].
17:31:21.557 [main] DEBUG org.springframework.test.annotation.ProfileValueUtils - Retrieved @ProfileValueSourceConfiguration [null] for test class [sample.data.jpa.SampleDataJpaApplicationTests]
17:31:21.558 [main] DEBUG org.springframework.test.annotation.ProfileValueUtils - Retrieved ProfileValueSource type [class org.springframework.test.annotation.SystemProfileValueSource] for class [sample.data.jpa.SampleDataJpaApplicationTests]
17:31:21.599 [main] DEBUG org.springframework.core.env.StandardEnvironment - Adding [systemProperties] PropertySource with lowest search precedence
17:31:21.599 [main] DEBUG org.springframework.core.env.StandardEnvironment - Adding [systemEnvironment] PropertySource with lowest search precedence
17:31:21.599 [main] DEBUG org.springframework.core.env.StandardEnvironment - Initialized StandardEnvironment with PropertySources [systemProperties,systemEnvironment]
17:31:21.599 [main] DEBUG org.springframework.core.env.StandardEnvironment - Adding [test] PropertySource with highest search precedence
17:31:21.600 [main] DEBUG org.springframework.core.env.MutablePropertySources - Adding [inline] PropertySource with highest search precedence
17:31:21.604 [main] DEBUG org.springframework.test.context.support.TestPropertySourceUtils - Adding inlined properties to environment: {spring.jmx.enabled=false, spring.jmx.enabled:true, spring.datasource.jmx-enabled:true, org.springframework.boot.test.context.SpringBootTestContextBootstrapper=true, server.port=-1}
17:31:21.604 [main] DEBUG org.springframework.core.env.StandardEnvironment - Adding [Inlined Test Properties] PropertySource with highest search precedence

  .   ____          _            __ _ _
 /\\ / ___'_ __ _ _(_)_ __  __ _ \ \ \ \
( ( )\___ | '_ | '_| | '_ \/ _` | \ \ \ \
 \\/  ___)| |_)| | | | | || (_| |  ) ) ) )
  '  |____| .__|_| |_|_| |_\__, | / / / /
 =========|_|==============|___/=/_/_/_/
 :: Spring Boot ::        (v1.5.6.RELEASE)

2017-09-21 17:31:21.792  INFO 4184 --- [           main] s.d.jpa.SampleDataJpaApplicationTests    : Starting SampleDataJpaApplicationTests on WIN-TTG1OEJM32C with PID 4184 (started by user in D:\Tools\mavenSpace\myProject)
2017-09-21 17:31:21.793  INFO 4184 --- [           main] s.d.jpa.SampleDataJpaApplicationTests    : The following profiles are active: scratch
2017-09-21 17:31:21.818  INFO 4184 --- [           main] o.s.w.c.s.GenericWebApplicationContext   : Refreshing org.springframework.web.context.support.GenericWebApplicationContext@d86a6f: startup date [Thu Sep 21 17:31:21 CST 2017]; root of context hierarchy
2017-09-21 17:31:23.061  INFO 4184 --- [           main] j.LocalContainerEntityManagerFactoryBean : Building JPA container EntityManagerFactory for persistence unit 'default'
2017-09-21 17:31:23.075  INFO 4184 --- [           main] o.hibernate.jpa.internal.util.LogHelper  : HHH000204: Processing PersistenceUnitInfo [
	name: default
	...]
2017-09-21 17:31:23.127  INFO 4184 --- [           main] org.hibernate.Version                    : HHH000412: Hibernate Core {5.0.12.Final}
2017-09-21 17:31:23.128  INFO 4184 --- [           main] org.hibernate.cfg.Environment            : HHH000206: hibernate.properties not found
2017-09-21 17:31:23.129  INFO 4184 --- [           main] org.hibernate.cfg.Environment            : HHH000021: Bytecode provider name : javassist
2017-09-21 17:31:23.158  INFO 4184 --- [           main] o.hibernate.annotations.common.Version   : HCANN000001: Hibernate Commons Annotations {5.0.1.Final}
2017-09-21 17:31:23.243  INFO 4184 --- [           main] org.hibernate.dialect.Dialect            : HHH000400: Using dialect: org.hibernate.dialect.H2Dialect
2017-09-21 17:31:23.426  WARN 4184 --- [           main] o.h.b.i.IdGeneratorInterpreterImpl       : HHH000392: Hibernate does not support SequenceGenerator.initialValue() unless 'hibernate.id.new_generator_mappings' set
2017-09-21 17:31:23.433  WARN 4184 --- [           main] o.h.b.i.IdGeneratorInterpreterImpl       : HHH000392: Hibernate does not support SequenceGenerator.initialValue() unless 'hibernate.id.new_generator_mappings' set
2017-09-21 17:31:23.522  WARN 4184 --- [           main] o.h.b.i.IdGeneratorInterpreterImpl       : HHH000392: Hibernate does not support SequenceGenerator.initialValue() unless 'hibernate.id.new_generator_mappings' set
2017-09-21 17:31:23.719  INFO 4184 --- [           main] org.hibernate.tool.hbm2ddl.SchemaExport  : HHH000227: Running hbm2ddl schema export
2017-09-21 17:31:23.723 DEBUG 4184 --- [           main] org.hibernate.SQL                        : drop table city if exists
2017-09-21 17:31:23.723 DEBUG 4184 --- [           main] org.hibernate.SQL                        : drop table hotel if exists
2017-09-21 17:31:23.723 DEBUG 4184 --- [           main] org.hibernate.SQL                        : drop table review if exists
2017-09-21 17:31:23.724 DEBUG 4184 --- [           main] org.hibernate.SQL                        : create table city (id bigint generated by default as identity, country varchar(255) not null, map varchar(255) not null, name varchar(255) not null, state varchar(255) not null, primary key (id))
2017-09-21 17:31:23.730 DEBUG 4184 --- [           main] org.hibernate.SQL                        : create table hotel (id bigint generated by default as identity, address varchar(255) not null, name varchar(255) not null, zip varchar(255) not null, city_id bigint not null, primary key (id))
2017-09-21 17:31:23.731 DEBUG 4184 --- [           main] org.hibernate.SQL                        : create table review (id bigint generated by default as identity, check_in_date date not null, details varchar(5000) not null, idx integer not null, rating integer not null, title varchar(255) not null, trip_type integer not null, hotel_id bigint not null, primary key (id))
2017-09-21 17:31:23.732 DEBUG 4184 --- [           main] org.hibernate.SQL                        : alter table hotel add constraint UK_i80qjsl99gene06k3t31y3sv5 unique (city_id, name)
2017-09-21 17:31:23.734 DEBUG 4184 --- [           main] org.hibernate.SQL                        : alter table hotel add constraint FKf1iabdv6bi2yohh9h48wce42x foreign key (city_id) references city
2017-09-21 17:31:23.738 DEBUG 4184 --- [           main] org.hibernate.SQL                        : alter table review add constraint FKi0ly7ivbh8ijdgoi7cwtuoavt foreign key (hotel_id) references hotel
2017-09-21 17:31:23.740  INFO 4184 --- [           main] org.hibernate.tool.hbm2ddl.SchemaExport  : HHH000476: Executing import script '/import.sql'
2017-09-21 17:31:23.774 ERROR 4184 --- [           main] org.hibernate.tool.hbm2ddl.SchemaExport  : HHH000388: Unsuccessful: 漏 2017 GitHub, Inc.
2017-09-21 17:31:23.775 ERROR 4184 --- [           main] org.hibernate.tool.hbm2ddl.SchemaExport  : Syntax error in SQL statement "漏[*] 2017 GITHUB, INC. "; SQL statement:
漏 2017 GitHub, Inc. [42000-196]
2017-09-21 17:31:23.775  INFO 4184 --- [           main] org.hibernate.tool.hbm2ddl.SchemaExport  : HHH000230: Schema export complete
2017-09-21 17:31:23.813  INFO 4184 --- [           main] j.LocalContainerEntityManagerFactoryBean : Initialized JPA EntityManagerFactory for persistence unit 'default'
2017-09-21 17:31:24.034  INFO 4184 --- [           main] o.h.h.i.QueryTranslatorFactoryInitiator  : HHH000397: Using ASTQueryTranslatorFactory
2017-09-21 17:31:24.598  INFO 4184 --- [           main] s.w.s.m.m.a.RequestMappingHandlerAdapter : Looking for @ControllerAdvice: org.springframework.web.context.support.GenericWebApplicationContext@d86a6f: startup date [Thu Sep 21 17:31:21 CST 2017]; root of context hierarchy
2017-09-21 17:31:24.663  INFO 4184 --- [           main] s.w.s.m.m.a.RequestMappingHandlerMapping : Mapped "{[/findCity],methods=[GET]}" onto public java.util.Map<java.lang.String, java.lang.Object> sample.data.jpa.web.CityController.findAll(java.lang.String,java.lang.Integer,java.lang.Integer)
2017-09-21 17:31:24.664  INFO 4184 --- [           main] s.w.s.m.m.a.RequestMappingHandlerMapping : Mapped "{[/getCityByNameAndCountry],methods=[GET]}" onto public java.lang.String sample.data.jpa.web.SampleController.helloWorld()
2017-09-21 17:31:24.665  INFO 4184 --- [           main] s.w.s.m.m.a.RequestMappingHandlerMapping : Mapped "{[/error]}" onto public org.springframework.http.ResponseEntity<java.util.Map<java.lang.String, java.lang.Object>> org.springframework.boot.autoconfigure.web.BasicErrorController.error(javax.servlet.http.HttpServletRequest)
2017-09-21 17:31:24.665  INFO 4184 --- [           main] s.w.s.m.m.a.RequestMappingHandlerMapping : Mapped "{[/error],produces=[text/html]}" onto public org.springframework.web.servlet.ModelAndView org.springframework.boot.autoconfigure.web.BasicErrorController.errorHtml(javax.servlet.http.HttpServletRequest,javax.servlet.http.HttpServletResponse)
2017-09-21 17:31:24.684  INFO 4184 --- [           main] o.s.w.s.handler.SimpleUrlHandlerMapping  : Mapped URL path [/webjars/**] onto handler of type [class org.springframework.web.servlet.resource.ResourceHttpRequestHandler]
2017-09-21 17:31:24.685  INFO 4184 --- [           main] o.s.w.s.handler.SimpleUrlHandlerMapping  : Mapped URL path [/**] onto handler of type [class org.springframework.web.servlet.resource.ResourceHttpRequestHandler]
2017-09-21 17:31:24.712  INFO 4184 --- [           main] o.s.w.s.handler.SimpleUrlHandlerMapping  : Mapped URL path [/**/favicon.ico] onto handler of type [class org.springframework.web.servlet.resource.ResourceHttpRequestHandler]
2017-09-21 17:31:24.922  INFO 4184 --- [           main] o.s.j.e.a.AnnotationMBeanExporter        : Registering beans for JMX exposure on startup
2017-09-21 17:31:24.923  INFO 4184 --- [           main] o.s.j.e.a.AnnotationMBeanExporter        : Bean with name 'dataSourceMBean' has been autodetected for JMX exposure
2017-09-21 17:31:24.927  INFO 4184 --- [           main] o.s.j.e.a.AnnotationMBeanExporter        : Located MBean 'dataSourceMBean': registering with JMX server as MBean [jpa.sample:name=dataSourceMBean,type=ConnectionPool]
2017-09-21 17:31:24.968  INFO 4184 --- [           main] s.d.jpa.SampleDataJpaApplicationTests    : Started SampleDataJpaApplicationTests in 3.358 seconds (JVM running for 3.912)
2017-09-21 17:31:25.001  INFO 4184 --- [           main] o.s.b.t.m.w.SpringBootMockServletContext : Initializing Spring FrameworkServlet ''
2017-09-21 17:31:25.001  INFO 4184 --- [           main] o.s.t.web.servlet.TestDispatcherServlet  : FrameworkServlet '': initialization started
2017-09-21 17:31:25.011  INFO 4184 --- [           main] o.s.t.web.servlet.TestDispatcherServlet  : FrameworkServlet '': initialization completed in 10 ms
]]></system-out>
  </testcase>
  <testcase name="testHome" classname="sample.data.jpa.SampleDataJpaApplicationTests" time="0.023">
    <failure message="Status expected:&lt;200&gt; but was:&lt;404&gt;" type="java.lang.AssertionError"><![CDATA[java.lang.AssertionError: Status expected:<200> but was:<404>
	at org.springframework.test.util.AssertionErrors.fail(AssertionErrors.java:54)
	at org.springframework.test.util.AssertionErrors.assertEquals(AssertionErrors.java:81)
	at org.springframework.test.web.servlet.result.StatusResultMatchers$10.match(StatusResultMatchers.java:665)
	at org.springframework.test.web.servlet.MockMvc$1.andExpect(MockMvc.java:171)
	at sample.data.jpa.SampleDataJpaApplicationTests.testHome(SampleDataJpaApplicationTests.java:69)
]]></failure>
    <system-out><![CDATA[2017-09-21 17:31:25.048  INFO 4184 --- [           main] o.s.b.t.m.w.SpringBootMockServletContext : Initializing Spring FrameworkServlet ''
2017-09-21 17:31:25.048  INFO 4184 --- [           main] o.s.t.web.servlet.TestDispatcherServlet  : FrameworkServlet '': initialization started
2017-09-21 17:31:25.050  INFO 4184 --- [           main] o.s.t.web.servlet.TestDispatcherServlet  : FrameworkServlet '': initialization completed in 2 ms
]]></system-out>
  </testcase>
</testsuite>